<?xml version="1.0" encoding="UTF-8"?>
<!-- Generated by org.testng.reporters.JUnitReportReporter -->
<testsuite hostname="DESKTOP-G13II8U" failures="0" tests="1" name="contactTests.ToCreateContactwithOrganizationTest" time="27.409" errors="0" timestamp="2025-04-03T11:09:34 IST" skipped="0">
  <testcase classname="contactTests.ToCreateContactwithOrganizationTest" name="toCreateContactwithOrganization_005" time="27.409"/>
  <system-out/>
</testsuite> <!-- contactTests.ToCreateContactwithOrganizationTest -->
